<?xml version="1.0" encoding="UTF-8"?>
<!-- Generated by org.testng.reporters.JUnitXMLReporter -->
<testsuite hostname="DESKTOP-2AO4Q5S" name="Test(failed)" tests="1" failures="1" timestamp="10 May 2018 10:15:19 GMT" time="56.092" errors="0">
  <testcase name="orderItems" time="44.423" classname="pizzaOrdering.Cases">
    <failure type="java.lang.NullPointerException">
      <![CDATA[java.lang.NullPointerException
	at pizzaOrdering.Cases.orderItems(Cases.java:199)
... Removed 24 stack frames]]>
    </failure>
  </testcase> <!-- orderItems -->
</testsuite> <!-- Test(failed) -->
