<?xml version="1.0" encoding="UTF-8"?>
<testng-results skipped="0" failed="0" total="1" passed="1">
  <reporter-output>
  </reporter-output>
  <suite name="Suite" duration-ms="130757" started-at="2018-05-28T10:30:05Z" finished-at="2018-05-28T10:32:16Z">
    <groups>
    </groups>
    <test name="Test" duration-ms="130757" started-at="2018-05-28T10:30:05Z" finished-at="2018-05-28T10:32:16Z">
      <class name="pizzaOrdering.Cases">
        <test-method status="PASS" signature="initializeDriver()[pri:0, instance:pizzaOrdering.Cases@3dd3bcd]" name="initializeDriver" is-config="true" duration-ms="16097" started-at="2018-05-28T20:30:05Z" finished-at="2018-05-28T20:30:22Z">
          <reporter-output>
          </reporter-output>
        </test-method> <!-- initializeDriver -->
        <test-method status="PASS" signature="orderItems()[pri:0, instance:pizzaOrdering.Cases@3dd3bcd]" name="orderItems" duration-ms="114640" started-at="2018-05-28T20:30:22Z" finished-at="2018-05-28T20:32:16Z">
          <reporter-output>
          </reporter-output>
        </test-method> <!-- orderItems -->
      </class> <!-- pizzaOrdering.Cases -->
    </test> <!-- Test -->
  </suite> <!-- Suite -->
</testng-results>
