<?xml version="1.0" encoding="UTF-8"?>
<testng-results skipped="0" failed="0" total="1" passed="1">
  <reporter-output>
  </reporter-output>
  <suite name="Suite" duration-ms="132019" started-at="2018-05-28T10:27:34Z" finished-at="2018-05-28T10:29:46Z">
    <groups>
    </groups>
    <test name="Test" duration-ms="132019" started-at="2018-05-28T10:27:34Z" finished-at="2018-05-28T10:29:46Z">
      <class name="pizzaOrdering.Cases">
        <test-method status="PASS" signature="initializeDriver()[pri:0, instance:pizzaOrdering.Cases@13deb50e]" name="initializeDriver" is-config="true" duration-ms="15140" started-at="2018-05-28T20:27:34Z" finished-at="2018-05-28T20:27:49Z">
          <reporter-output>
          </reporter-output>
        </test-method> <!-- initializeDriver -->
        <test-method status="PASS" signature="orderItems()[pri:0, instance:pizzaOrdering.Cases@13deb50e]" name="orderItems" duration-ms="116855" started-at="2018-05-28T20:27:49Z" finished-at="2018-05-28T20:29:46Z">
          <reporter-output>
          </reporter-output>
        </test-method> <!-- orderItems -->
      </class> <!-- pizzaOrdering.Cases -->
    </test> <!-- Test -->
  </suite> <!-- Suite -->
</testng-results>
